#
# There is insufficient memory for the Java Runtime Environment to continue.
# Native memory allocation (mmap) failed to map 245366784 bytes for G1 virtual space
# Possible reasons:
#   The system is out of physical RAM or swap space
#   The process is running with CompressedOops enabled, and the Java Heap may be blocking the growth of the native heap
# Possible solutions:
#   Reduce memory load on the system
#   Increase physical memory or swap space
#   Check if swap backing store is full
#   Decrease Java heap size (-Xmx/-Xms)
#   Decrease number of Java threads
#   Decrease Java thread stack sizes (-Xss)
#   Set larger code cache with -XX:ReservedCodeCacheSize=
#   JVM is running with Unscaled Compressed Oops mode in which the Java heap is
#     placed in the first 4GB address space. The Java Heap base address is the
#     maximum limit for the native heap growth. Please use -XX:HeapBaseMinAddress
#     to set the Java Heap base and to place the Java Heap above 4GB virtual address.
# This output file may be truncated or incomplete.
#
#  Out of Memory Error (os_windows.cpp:3469), pid=4208, tid=10080
#
# JRE version: Java(TM) SE Runtime Environment (17.0.1+12) (build 17.0.1+12-LTS-39)
# Java VM: Java HotSpot(TM) 64-Bit Server VM (17.0.1+12-LTS-39, mixed mode, emulated-client, sharing, tiered, compressed oops, compressed class ptrs, g1 gc, windows-amd64)
# No core dump will be written. Minidumps are not enabled by default on client versions of Windows
#

---------------  S U M M A R Y ------------

Command Line: -XX:TieredStopAtLevel=1 -Dspring.output.ansi.enabled=always -Dcom.sun.management.jmxremote -Dspring.jmx.enabled=true -Dspring.liveBeansView.mbeanDomain -Dspring.application.admin.enabled=true -Dmanagement.endpoints.jmx.exposure.include=* -javaagent:D:\file setup\IntelliJ IDEA 2024.1\lib\idea_rt.jar=64206:D:\file setup\IntelliJ IDEA 2024.1\bin -Dfile.encoding=UTF-8 com.example.ogani.OganiApplication

Host: Intel(R) Core(TM) i5-5300U CPU @ 2.30GHz, 4 cores, 3G,  Windows 10 , 64 bit Build 19041 (10.0.19041.5678)
Time: Mon May  5 01:17:32 2025 SE Asia Standard Time elapsed time: 20.578613 seconds (0d 0h 0m 20s)

---------------  T H R E A D  ---------------

Current thread (0x00000211804436e0):  VMThread "VM Thread" [stack: 0x0000008660500000,0x0000008660600000] [id=10080]

Stack: [0x0000008660500000,0x0000008660600000]
Native frames: (J=compiled Java code, j=interpreted, Vv=VM code, C=native code)
V  [jvm.dll+0x66fa1a]
V  [jvm.dll+0x7ce5a4]
V  [jvm.dll+0x7cfd4e]
V  [jvm.dll+0x7d03b3]
V  [jvm.dll+0x242b05]
V  [jvm.dll+0x66ca39]
V  [jvm.dll+0x661502]
V  [jvm.dll+0x30081b]
V  [jvm.dll+0x307da6]
V  [jvm.dll+0x357a1e]
V  [jvm.dll+0x357c4f]
V  [jvm.dll+0x2d7ad8]
V  [jvm.dll+0x2d5da4]
V  [jvm.dll+0x2d53ac]
V  [jvm.dll+0x318d0b]
V  [jvm.dll+0x7d484b]
V  [jvm.dll+0x7d5584]
V  [jvm.dll+0x7d5a9c]
V  [jvm.dll+0x7d5e74]
V  [jvm.dll+0x7d5f40]
V  [jvm.dll+0x77e91a]
V  [jvm.dll+0x66e845]
C  [ucrtbase.dll+0x21bb2]
C  [KERNEL32.DLL+0x17374]
C  [ntdll.dll+0x4cc91]

VM_Operation (0x00000086629fd5a0): G1CollectForAllocation, mode: safepoint, requested by thread 0x0000021196523710


---------------  P R O C E S S  ---------------

Threads class SMR info:
_java_thread_list=0x0000021198a94170, length=33, elements={
0x0000021180397ba0, 0x000002118044abb0, 0x000002118044ba20, 0x00000211912ae1a0,
0x00000211912b1020, 0x00000211912b49f0, 0x00000211912b53a0, 0x00000211912b5e00,
0x00000211912b67f0, 0x0000021180436430, 0x000002119138d710, 0x00000211920fe090,
0x00000211920fe560, 0x00000211922fc790, 0x00000211925fa8f0, 0x000002119235cfb0,
0x00000211926dc830, 0x00000211926da890, 0x0000021192727440, 0x000002119417e540,
0x000002119417e070, 0x000002119417ea10, 0x000002119417eee0, 0x000002119417f880,
0x0000021196524580, 0x000002119651e540, 0x000002119651ea10, 0x0000021196521a30,
0x000002119651eee0, 0x00000211965206f0, 0x0000021196523710, 0x000002119651f3b0,
0x000002119651f880
}

Java Threads: ( => current thread )
  0x0000021180397ba0 JavaThread "main" [_thread_blocked, id=6148, stack(0x000000865ff00000,0x0000008660000000)]
  0x000002118044abb0 JavaThread "Reference Handler" daemon [_thread_blocked, id=8252, stack(0x0000008660600000,0x0000008660700000)]
  0x000002118044ba20 JavaThread "Finalizer" daemon [_thread_blocked, id=11852, stack(0x0000008660700000,0x0000008660800000)]
  0x00000211912ae1a0 JavaThread "Signal Dispatcher" daemon [_thread_blocked, id=2508, stack(0x0000008660800000,0x0000008660900000)]
  0x00000211912b1020 JavaThread "Attach Listener" daemon [_thread_blocked, id=12664, stack(0x0000008660900000,0x0000008660a00000)]
  0x00000211912b49f0 JavaThread "Service Thread" daemon [_thread_blocked, id=5792, stack(0x0000008660a00000,0x0000008660b00000)]
  0x00000211912b53a0 JavaThread "Monitor Deflation Thread" daemon [_thread_blocked, id=11364, stack(0x0000008660b00000,0x0000008660c00000)]
  0x00000211912b5e00 JavaThread "C1 CompilerThread0" daemon [_thread_blocked, id=9712, stack(0x0000008660c00000,0x0000008660d00000)]
  0x00000211912b67f0 JavaThread "Sweeper thread" daemon [_thread_blocked, id=12700, stack(0x0000008660d00000,0x0000008660e00000)]
  0x0000021180436430 JavaThread "Common-Cleaner" daemon [_thread_blocked, id=1896, stack(0x0000008660e00000,0x0000008660f00000)]
  0x000002119138d710 JavaThread "C1 CompilerThread1" daemon [_thread_blocked, id=80, stack(0x0000008660f00000,0x0000008661000000)]
  0x00000211920fe090 JavaThread "Monitor Ctrl-Break" daemon [_thread_in_native, id=3336, stack(0x0000008661000000,0x0000008661100000)]
  0x00000211920fe560 JavaThread "Notification Thread" daemon [_thread_blocked, id=4936, stack(0x0000008661100000,0x0000008661200000)]
  0x00000211922fc790 JavaThread "RMI TCP Accept-0" daemon [_thread_in_native, id=12220, stack(0x0000008661200000,0x0000008661300000)]
  0x00000211925fa8f0 JavaThread "RMI TCP Connection(2)-192.168.33.104" daemon [_thread_in_native, id=12232, stack(0x0000008661800000,0x0000008661900000)]
  0x000002119235cfb0 JavaThread "RMI Scheduler(0)" daemon [_thread_blocked, id=7336, stack(0x0000008661900000,0x0000008661a00000)]
  0x00000211926dc830 JavaThread "Thread-0" [_thread_blocked, id=10780, stack(0x0000008661a00000,0x0000008661b00000)]
  0x00000211926da890 JavaThread "restartedMain" [_thread_blocked, id=5132, stack(0x0000008661b00000,0x0000008661c00000)]
  0x0000021192727440 JavaThread "RMI TCP Connection(3)-192.168.33.104" daemon [_thread_in_native, id=9028, stack(0x0000008661c00000,0x0000008661d00000)]
  0x000002119417e540 JavaThread "mysql-cj-abandoned-connection-cleanup" daemon [_thread_blocked, id=4972, stack(0x0000008661d00000,0x0000008661e00000)]
  0x000002119417e070 JavaThread "HikariPool-1 housekeeper" daemon [_thread_blocked, id=5788, stack(0x0000008661f00000,0x0000008662000000)]
  0x000002119417ea10 JavaThread "Catalina-utility-1" [_thread_blocked, id=11480, stack(0x0000008662100000,0x0000008662200000)]
  0x000002119417eee0 JavaThread "Catalina-utility-2" [_thread_blocked, id=11352, stack(0x0000008662200000,0x0000008662300000)]
  0x000002119417f880 JavaThread "container-0" [_thread_blocked, id=5408, stack(0x0000008662300000,0x0000008662400000)]
  0x0000021196524580 JavaThread "lettuce-timer-3-1" daemon [_thread_blocked, id=2608, stack(0x0000008662400000,0x0000008662500000)]
  0x000002119651e540 JavaThread "ClassGraph-worker-48" daemon [_thread_blocked, id=9508, stack(0x0000008662000000,0x0000008662100000)]
  0x000002119651ea10 JavaThread "ClassGraph-worker-49" daemon [_thread_blocked, id=4612, stack(0x0000008662500000,0x0000008662600000)]
  0x0000021196521a30 JavaThread "ClassGraph-worker-50" daemon [_thread_blocked, id=5300, stack(0x0000008662600000,0x0000008662700000)]
  0x000002119651eee0 JavaThread "ClassGraph-worker-51" daemon [_thread_blocked, id=1136, stack(0x0000008662700000,0x0000008662800000)]
  0x00000211965206f0 JavaThread "ClassGraph-worker-52" daemon [_thread_blocked, id=6420, stack(0x0000008662800000,0x0000008662900000)]
  0x0000021196523710 JavaThread "ClassGraph-worker-53" daemon [_thread_blocked, id=10528, stack(0x0000008662900000,0x0000008662a00000)]
  0x000002119651f3b0 JavaThread "ClassGraph-worker-54" daemon [_thread_blocked, id=8276, stack(0x0000008662a00000,0x0000008662b00000)]
  0x000002119651f880 JavaThread "ClassGraph-worker-55" daemon [_thread_blocked, id=13240, stack(0x0000008662b00000,0x0000008662c00000)]

Other Threads:
=>0x00000211804436e0 VMThread "VM Thread" [stack: 0x0000008660500000,0x0000008660600000] [id=10080]
  0x00000211922f7770 WatcherThread [stack: 0x0000008661300000,0x0000008661400000] [id=7236]
  0x00000211803c5490 GCTaskThread "GC Thread#0" [stack: 0x0000008660000000,0x0000008660100000] [id=1824]
  0x00000211922f6cd0 GCTaskThread "GC Thread#1" [stack: 0x0000008661400000,0x0000008661500000] [id=2124]
  0x0000021192300e90 GCTaskThread "GC Thread#2" [stack: 0x0000008661500000,0x0000008661600000] [id=13200]
  0x00000211923627f0 GCTaskThread "GC Thread#3" [stack: 0x0000008661600000,0x0000008661700000] [id=2476]
  0x00000211803ce010 ConcurrentGCThread "G1 Main Marker" [stack: 0x0000008660100000,0x0000008660200000] [id=9568]
  0x00000211803cea20 ConcurrentGCThread "G1 Conc#0" [stack: 0x0000008660200000,0x0000008660300000] [id=8480]
  0x000002118041e680 ConcurrentGCThread "G1 Refine#0" [stack: 0x0000008660300000,0x0000008660400000] [id=13104]
  0x00000211922f3f50 ConcurrentGCThread "G1 Refine#1" [stack: 0x0000008661700000,0x0000008661800000] [id=10396]
  0x000002118041f0a0 ConcurrentGCThread "G1 Service" [stack: 0x0000008660400000,0x0000008660500000] [id=3800]

Threads with active compile tasks:

VM state: at safepoint (normal execution)

VM Mutex/Monitor currently owned by a thread:  ([mutex/lock_event])
[0x0000021180392810] Threads_lock - owner thread: 0x00000211804436e0
[0x0000021180391e80] Heap_lock - owner thread: 0x0000021196523710

Heap address: 0x00000000c1e00000, size: 994 MB, Compressed Oops mode: 32-bit

CDS archive(s) mapped at: [0x0000000800000000-0x0000000800bc0000-0x0000000800bc0000), size 12320768, SharedBaseAddress: 0x0000000800000000, ArchiveRelocationMode: 0.
Compressed class space mapped at: 0x0000000800c00000-0x0000000840c00000, reserved size: 1073741824
Narrow klass base: 0x0000000800000000, Narrow klass shift: 0, Narrow klass range: 0x100000000

GC Precious Log:
 CPUs: 4 total, 4 available
 Memory: 3968M
 Large Page Support: Disabled
 NUMA Support: Disabled
 Compressed Oops: Enabled (32-bit)
 Heap Region Size: 1M
 Heap Min Capacity: 8M
 Heap Initial Capacity: 64M
 Heap Max Capacity: 994M
 Pre-touch: Disabled
 Parallel Workers: 4
 Concurrent Workers: 1
 Concurrent Refinement Workers: 4
 Periodic GC: Disabled

Heap:
 garbage-first heap   total 119808K, used 58487K [0x00000000c1e00000, 0x0000000100000000)
  region size 1024K, 1 young (1024K), 1 survivors (1024K)
 Metaspace       used 69359K, committed 69760K, reserved 1114112K
  class space    used 9796K, committed 9984K, reserved 1048576K

Heap Regions: E=young(eden), S=young(survivor), O=old, HS=humongous(starts), HC=humongous(continues), CS=collection set, F=free, OA=open archive, CA=closed archive, TAMS=top-at-mark-start (previous, next)
|   0|0x00000000c1e00000, 0x00000000c1f00000, 0x00000000c1f00000|100%|HS|  |TAMS 0x00000000c1f00000, 0x00000000c1e00000| Complete 
|   1|0x00000000c1f00000, 0x00000000c2000000, 0x00000000c2000000|100%| O|  |TAMS 0x00000000c2000000, 0x00000000c1f00000| Untracked 
|   2|0x00000000c2000000, 0x00000000c2100000, 0x00000000c2100000|100%| O|  |TAMS 0x00000000c2100000, 0x00000000c2000000| Untracked 
|   3|0x00000000c2100000, 0x00000000c2200000, 0x00000000c2200000|100%| O|  |TAMS 0x00000000c2200000, 0x00000000c2100000| Untracked 
|   4|0x00000000c2200000, 0x00000000c2300000, 0x00000000c2300000|100%| O|  |TAMS 0x00000000c2300000, 0x00000000c2200000| Untracked 
|   5|0x00000000c2300000, 0x00000000c2400000, 0x00000000c2400000|100%| O|  |TAMS 0x00000000c2400000, 0x00000000c2300000| Untracked 
|   6|0x00000000c2400000, 0x00000000c2500000, 0x00000000c2500000|100%| O|  |TAMS 0x00000000c2500000, 0x00000000c2400000| Untracked 
|   7|0x00000000c2500000, 0x00000000c2600000, 0x00000000c2600000|100%| O|  |TAMS 0x00000000c2600000, 0x00000000c2500000| Untracked 
|   8|0x00000000c2600000, 0x00000000c2700000, 0x00000000c2700000|100%| O|  |TAMS 0x00000000c2700000, 0x00000000c2600000| Untracked 
|   9|0x00000000c2700000, 0x00000000c2800000, 0x00000000c2800000|100%| O|  |TAMS 0x00000000c2800000, 0x00000000c2700000| Untracked 
|  10|0x00000000c2800000, 0x00000000c2900000, 0x00000000c2900000|100%| O|  |TAMS 0x00000000c2900000, 0x00000000c2800000| Untracked 
|  11|0x00000000c2900000, 0x00000000c2a00000, 0x00000000c2a00000|100%| O|  |TAMS 0x00000000c2900000, 0x00000000c2900000| Untracked 
|  12|0x00000000c2a00000, 0x00000000c2b00000, 0x00000000c2b00000|100%| O|  |TAMS 0x00000000c2b00000, 0x00000000c2a00000| Untracked 
|  13|0x00000000c2b00000, 0x00000000c2c00000, 0x00000000c2c00000|100%| O|  |TAMS 0x00000000c2c00000, 0x00000000c2b00000| Untracked 
|  14|0x00000000c2c00000, 0x00000000c2d00000, 0x00000000c2d00000|100%| O|  |TAMS 0x00000000c2d00000, 0x00000000c2c00000| Untracked 
|  15|0x00000000c2d00000, 0x00000000c2e00000, 0x00000000c2e00000|100%| O|  |TAMS 0x00000000c2e00000, 0x00000000c2d00000| Untracked 
|  16|0x00000000c2e00000, 0x00000000c2f00000, 0x00000000c2f00000|100%| O|  |TAMS 0x00000000c2f00000, 0x00000000c2e00000| Untracked 
|  17|0x00000000c2f00000, 0x00000000c3000000, 0x00000000c3000000|100%| O|  |TAMS 0x00000000c3000000, 0x00000000c2f00000| Untracked 
|  18|0x00000000c3000000, 0x00000000c3100000, 0x00000000c3100000|100%| O|  |TAMS 0x00000000c3100000, 0x00000000c3000000| Untracked 
|  19|0x00000000c3100000, 0x00000000c3200000, 0x00000000c3200000|100%| O|  |TAMS 0x00000000c3200000, 0x00000000c3100000| Untracked 
|  20|0x00000000c3200000, 0x00000000c3300000, 0x00000000c3300000|100%| O|  |TAMS 0x00000000c3300000, 0x00000000c3200000| Untracked 
|  21|0x00000000c3300000, 0x00000000c3400000, 0x00000000c3400000|100%| O|  |TAMS 0x00000000c3400000, 0x00000000c3300000| Untracked 
|  22|0x00000000c3400000, 0x00000000c3500000, 0x00000000c3500000|100%| O|  |TAMS 0x00000000c3500000, 0x00000000c3400000| Untracked 
|  23|0x00000000c3500000, 0x00000000c3600000, 0x00000000c3600000|100%| O|  |TAMS 0x00000000c3600000, 0x00000000c3500000| Untracked 
|  24|0x00000000c3600000, 0x00000000c3700000, 0x00000000c3700000|100%| O|  |TAMS 0x00000000c3700000, 0x00000000c3600000| Untracked 
|  25|0x00000000c3700000, 0x00000000c3800000, 0x00000000c3800000|100%| O|  |TAMS 0x00000000c3800000, 0x00000000c3700000| Untracked 
|  26|0x00000000c3800000, 0x00000000c3900000, 0x00000000c3900000|100%| O|  |TAMS 0x00000000c3900000, 0x00000000c3800000| Untracked 
|  27|0x00000000c3900000, 0x00000000c3a00000, 0x00000000c3a00000|100%| O|  |TAMS 0x00000000c3a00000, 0x00000000c3900000| Untracked 
|  28|0x00000000c3a00000, 0x00000000c3b00000, 0x00000000c3b00000|100%| O|  |TAMS 0x00000000c3b00000, 0x00000000c3a00000| Untracked 
|  29|0x00000000c3b00000, 0x00000000c3c00000, 0x00000000c3c00000|100%| O|  |TAMS 0x00000000c3c00000, 0x00000000c3b00000| Untracked 
|  30|0x00000000c3c00000, 0x00000000c3d00000, 0x00000000c3d00000|100%| O|  |TAMS 0x00000000c3d00000, 0x00000000c3c00000| Untracked 
|  31|0x00000000c3d00000, 0x00000000c3e00000, 0x00000000c3e00000|100%| O|  |TAMS 0x00000000c3e00000, 0x00000000c3d00000| Untracked 
|  32|0x00000000c3e00000, 0x00000000c3e00000, 0x00000000c3f00000|  0%| F|  |TAMS 0x00000000c3e00000, 0x00000000c3e00000| Untracked 
|  33|0x00000000c3f00000, 0x00000000c4000000, 0x00000000c4000000|100%| O|  |TAMS 0x00000000c4000000, 0x00000000c3f00000| Untracked 
|  34|0x00000000c4000000, 0x00000000c4100000, 0x00000000c4100000|100%| O|  |TAMS 0x00000000c4100000, 0x00000000c4000000| Untracked 
|  35|0x00000000c4100000, 0x00000000c4200000, 0x00000000c4200000|100%| O|  |TAMS 0x00000000c4200000, 0x00000000c4100000| Untracked 
|  36|0x00000000c4200000, 0x00000000c4300000, 0x00000000c4300000|100%| O|  |TAMS 0x00000000c4300000, 0x00000000c4200000| Untracked 
|  37|0x00000000c4300000, 0x00000000c4400000, 0x00000000c4400000|100%| O|  |TAMS 0x00000000c4400000, 0x00000000c4300000| Untracked 
|  38|0x00000000c4400000, 0x00000000c4500000, 0x00000000c4500000|100%| O|  |TAMS 0x00000000c4500000, 0x00000000c4400000| Untracked 
|  39|0x00000000c4500000, 0x00000000c4600000, 0x00000000c4600000|100%| O|  |TAMS 0x00000000c4500000, 0x00000000c4500000| Untracked 
|  40|0x00000000c4600000, 0x00000000c4700000, 0x00000000c4700000|100%| O|  |TAMS 0x00000000c4600000, 0x00000000c4600000| Untracked 
|  41|0x00000000c4700000, 0x00000000c4800000, 0x00000000c4800000|100%| O|  |TAMS 0x00000000c4700000, 0x00000000c4700000| Untracked 
|  42|0x00000000c4800000, 0x00000000c481de00, 0x00000000c4900000| 11%| O|  |TAMS 0x00000000c4800000, 0x00000000c4800000| Untracked 
|  43|0x00000000c4900000, 0x00000000c4900000, 0x00000000c4a00000|  0%| F|  |TAMS 0x00000000c4900000, 0x00000000c4900000| Untracked 
|  44|0x00000000c4a00000, 0x00000000c4a00000, 0x00000000c4b00000|  0%| F|  |TAMS 0x00000000c4a00000, 0x00000000c4a00000| Untracked 
|  45|0x00000000c4b00000, 0x00000000c4b00000, 0x00000000c4c00000|  0%| F|  |TAMS 0x00000000c4b00000, 0x00000000c4b00000| Untracked 
|  46|0x00000000c4c00000, 0x00000000c4c00000, 0x00000000c4d00000|  0%| F|  |TAMS 0x00000000c4c00000, 0x00000000c4c00000| Untracked 
|  47|0x00000000c4d00000, 0x00000000c4d00000, 0x00000000c4e00000|  0%| F|  |TAMS 0x00000000c4d00000, 0x00000000c4d00000| Untracked 
|  48|0x00000000c4e00000, 0x00000000c4e00000, 0x00000000c4f00000|  0%| F|  |TAMS 0x00000000c4e00000, 0x00000000c4e00000| Untracked 
|  49|0x00000000c4f00000, 0x00000000c4f00000, 0x00000000c5000000|  0%| F|  |TAMS 0x00000000c4f00000, 0x00000000c4f00000| Untracked 
|  50|0x00000000c5000000, 0x00000000c5100000, 0x00000000c5100000|100%| O|  |TAMS 0x00000000c5000000, 0x00000000c5000000| Untracked 
|  51|0x00000000c5100000, 0x00000000c5200000, 0x00000000c5200000|100%| O|  |TAMS 0x00000000c5100000, 0x00000000c5100000| Untracked 
|  52|0x00000000c5200000, 0x00000000c5300000, 0x00000000c5300000|100%| O|  |TAMS 0x00000000c5200000, 0x00000000c5200000| Untracked 
|  53|0x00000000c5300000, 0x00000000c5400000, 0x00000000c5400000|100%| O|  |TAMS 0x00000000c5300000, 0x00000000c5300000| Untracked 
|  54|0x00000000c5400000, 0x00000000c5500000, 0x00000000c5500000|100%| O|  |TAMS 0x00000000c5400000, 0x00000000c5400000| Untracked 
|  55|0x00000000c5500000, 0x00000000c5500000, 0x00000000c5600000|  0%| F|  |TAMS 0x00000000c5500000, 0x00000000c5500000| Untracked 
|  56|0x00000000c5600000, 0x00000000c5700000, 0x00000000c5700000|100%| O|  |TAMS 0x00000000c5700000, 0x00000000c5600000| Untracked 
|  57|0x00000000c5700000, 0x00000000c5700000, 0x00000000c5800000|  0%| F|  |TAMS 0x00000000c5700000, 0x00000000c5700000| Untracked 
|  58|0x00000000c5800000, 0x00000000c5800000, 0x00000000c5900000|  0%| F|  |TAMS 0x00000000c5800000, 0x00000000c5800000| Untracked 
|  59|0x00000000c5900000, 0x00000000c5900000, 0x00000000c5a00000|  0%| F|  |TAMS 0x00000000c5900000, 0x00000000c5900000| Untracked 
|  60|0x00000000c5a00000, 0x00000000c5b00000, 0x00000000c5b00000|100%| O|  |TAMS 0x00000000c5b00000, 0x00000000c5a00000| Untracked 
|  61|0x00000000c5b00000, 0x00000000c5c00000, 0x00000000c5c00000|100%| O|  |TAMS 0x00000000c5beb000, 0x00000000c5b00000| Untracked 
|  62|0x00000000c5c00000, 0x00000000c5d00000, 0x00000000c5d00000|100%| O|  |TAMS 0x00000000c5c00000, 0x00000000c5c00000| Untracked 
|  63|0x00000000c5d00000, 0x00000000c5e00000, 0x00000000c5e00000|100%| O|  |TAMS 0x00000000c5d00000, 0x00000000c5d00000| Untracked 
|  64|0x00000000c5e00000, 0x00000000c5f00000, 0x00000000c5f00000|100%| O|  |TAMS 0x00000000c5e00000, 0x00000000c5e00000| Untracked 
|  65|0x00000000c5f00000, 0x00000000c6000000, 0x00000000c6000000|100%| O|  |TAMS 0x00000000c5f00000, 0x00000000c5f00000| Untracked 
|  66|0x00000000c6000000, 0x00000000c6100000, 0x00000000c6100000|100%| O|  |TAMS 0x00000000c6000000, 0x00000000c6000000| Untracked 
|  67|0x00000000c6100000, 0x00000000c6200000, 0x00000000c6200000|100%| O|  |TAMS 0x00000000c6100000, 0x00000000c6100000| Untracked 
|  68|0x00000000c6200000, 0x00000000c6300000, 0x00000000c6300000|100%| O|  |TAMS 0x00000000c6200000, 0x00000000c6200000| Untracked 
|  69|0x00000000c6300000, 0x00000000c6300000, 0x00000000c6400000|  0%| F|  |TAMS 0x00000000c6300000, 0x00000000c6300000| Untracked 
|  70|0x00000000c6400000, 0x00000000c6400000, 0x00000000c6500000|  0%| F|  |TAMS 0x00000000c6400000, 0x00000000c6400000| Untracked 
|  71|0x00000000c6500000, 0x00000000c6500000, 0x00000000c6600000|  0%| F|  |TAMS 0x00000000c6500000, 0x00000000c6500000| Untracked 
|  72|0x00000000c6600000, 0x00000000c6600000, 0x00000000c6700000|  0%| F|  |TAMS 0x00000000c6600000, 0x00000000c6600000| Untracked 
|  73|0x00000000c6700000, 0x00000000c6700000, 0x00000000c6800000|  0%| F|  |TAMS 0x00000000c6700000, 0x00000000c6700000| Untracked 
|  74|0x00000000c6800000, 0x00000000c6800000, 0x00000000c6900000|  0%| F|  |TAMS 0x00000000c6800000, 0x00000000c6800000| Untracked 
|  75|0x00000000c6900000, 0x00000000c6900000, 0x00000000c6a00000|  0%| F|  |TAMS 0x00000000c6900000, 0x00000000c6900000| Untracked 
|  76|0x00000000c6a00000, 0x00000000c6a00000, 0x00000000c6b00000|  0%| F|  |TAMS 0x00000000c6a00000, 0x00000000c6a00000| Untracked 
|  77|0x00000000c6b00000, 0x00000000c6b00000, 0x00000000c6c00000|  0%| F|  |TAMS 0x00000000c6b00000, 0x00000000c6b00000| Untracked 
|  78|0x00000000c6c00000, 0x00000000c6c00000, 0x00000000c6d00000|  0%| F|  |TAMS 0x00000000c6c00000, 0x00000000c6c00000| Untracked 
|  79|0x00000000c6d00000, 0x00000000c6d00000, 0x00000000c6e00000|  0%| F|  |TAMS 0x00000000c6d00000, 0x00000000c6d00000| Untracked 
|  80|0x00000000c6e00000, 0x00000000c6e00000, 0x00000000c6f00000|  0%| F|  |TAMS 0x00000000c6e00000, 0x00000000c6e00000| Untracked 
|  81|0x00000000c6f00000, 0x00000000c6f00000, 0x00000000c7000000|  0%| F|  |TAMS 0x00000000c6f00000, 0x00000000c6f00000| Untracked 
|  82|0x00000000c7000000, 0x00000000c7000000, 0x00000000c7100000|  0%| F|  |TAMS 0x00000000c7000000, 0x00000000c7000000| Untracked 
|  83|0x00000000c7100000, 0x00000000c7100000, 0x00000000c7200000|  0%| F|  |TAMS 0x00000000c7100000, 0x00000000c7100000| Untracked 
|  84|0x00000000c7200000, 0x00000000c7200000, 0x00000000c7300000|  0%| F|  |TAMS 0x00000000c7200000, 0x00000000c7200000| Untracked 
|  85|0x00000000c7300000, 0x00000000c7300000, 0x00000000c7400000|  0%| F|  |TAMS 0x00000000c7300000, 0x00000000c7300000| Untracked 
|  86|0x00000000c7400000, 0x00000000c7400000, 0x00000000c7500000|  0%| F|  |TAMS 0x00000000c7400000, 0x00000000c7400000| Untracked 
|  87|0x00000000c7500000, 0x00000000c7500000, 0x00000000c7600000|  0%| F|  |TAMS 0x00000000c7500000, 0x00000000c7500000| Untracked 
|  88|0x00000000c7600000, 0x00000000c7600000, 0x00000000c7700000|  0%| F|  |TAMS 0x00000000c7600000, 0x00000000c7600000| Untracked 
|  89|0x00000000c7700000, 0x00000000c7700000, 0x00000000c7800000|  0%| F|  |TAMS 0x00000000c7700000, 0x00000000c7700000| Untracked 
|  90|0x00000000c7800000, 0x00000000c7800000, 0x00000000c7900000|  0%| F|  |TAMS 0x00000000c7800000, 0x00000000c7800000| Untracked 
|  91|0x00000000c7900000, 0x00000000c7900000, 0x00000000c7a00000|  0%| F|  |TAMS 0x00000000c7900000, 0x00000000c7900000| Untracked 
|  92|0x00000000c7a00000, 0x00000000c7a00000, 0x00000000c7b00000|  0%| F|  |TAMS 0x00000000c7a00000, 0x00000000c7a00000| Untracked 
|  93|0x00000000c7b00000, 0x00000000c7b00000, 0x00000000c7c00000|  0%| F|  |TAMS 0x00000000c7b00000, 0x00000000c7b00000| Untracked 
|  94|0x00000000c7c00000, 0x00000000c7c00000, 0x00000000c7d00000|  0%| F|  |TAMS 0x00000000c7c00000, 0x00000000c7c00000| Untracked 
|  95|0x00000000c7d00000, 0x00000000c7d00000, 0x00000000c7e00000|  0%| F|  |TAMS 0x00000000c7d00000, 0x00000000c7d00000| Untracked 
|  96|0x00000000c7e00000, 0x00000000c7e00000, 0x00000000c7f00000|  0%| F|  |TAMS 0x00000000c7e00000, 0x00000000c7e00000| Untracked 
|  97|0x00000000c7f00000, 0x00000000c7f00000, 0x00000000c8000000|  0%| F|  |TAMS 0x00000000c7f00000, 0x00000000c7f00000| Untracked 
|  98|0x00000000c8000000, 0x00000000c8000000, 0x00000000c8100000|  0%| F|  |TAMS 0x00000000c8000000, 0x00000000c8000000| Untracked 
|  99|0x00000000c8100000, 0x00000000c8100000, 0x00000000c8200000|  0%| F|  |TAMS 0x00000000c8100000, 0x00000000c8100000| Untracked 
| 100|0x00000000c8200000, 0x00000000c8200000, 0x00000000c8300000|  0%| F|  |TAMS 0x00000000c8200000, 0x00000000c8200000| Untracked 
| 101|0x00000000c8300000, 0x00000000c8300000, 0x00000000c8400000|  0%| F|  |TAMS 0x00000000c8300000, 0x00000000c8300000| Untracked 
| 102|0x00000000c8400000, 0x00000000c8400000, 0x00000000c8500000|  0%| F|  |TAMS 0x00000000c8400000, 0x00000000c8400000| Untracked 
| 103|0x00000000c8500000, 0x00000000c8500000, 0x00000000c8600000|  0%| F|  |TAMS 0x00000000c8500000, 0x00000000c8500000| Untracked 
| 104|0x00000000c8600000, 0x00000000c8600000, 0x00000000c8700000|  0%| F|  |TAMS 0x00000000c8600000, 0x00000000c8600000| Untracked 
| 105|0x00000000c8700000, 0x00000000c8700000, 0x00000000c8800000|  0%| F|  |TAMS 0x00000000c8700000, 0x00000000c8700000| Untracked 
| 106|0x00000000c8800000, 0x00000000c8800000, 0x00000000c8900000|  0%| F|  |TAMS 0x00000000c8800000, 0x00000000c8800000| Untracked 
| 107|0x00000000c8900000, 0x00000000c8900000, 0x00000000c8a00000|  0%| F|  |TAMS 0x00000000c8900000, 0x00000000c8900000| Untracked 
| 108|0x00000000c8a00000, 0x00000000c8a00000, 0x00000000c8b00000|  0%| F|  |TAMS 0x00000000c8a00000, 0x00000000c8a00000| Untracked 
| 109|0x00000000c8b00000, 0x00000000c8b00000, 0x00000000c8c00000|  0%| F|  |TAMS 0x00000000c8b00000, 0x00000000c8b00000| Untracked 
| 110|0x00000000c8c00000, 0x00000000c8c00000, 0x00000000c8d00000|  0%| F|  |TAMS 0x00000000c8c00000, 0x00000000c8c00000| Untracked 
| 111|0x00000000c8d00000, 0x00000000c8e00000, 0x00000000c8e00000|100%| S|CS|TAMS 0x00000000c8d00000, 0x00000000c8d00000| Complete 
| 112|0x00000000c8e00000, 0x00000000c8e00000, 0x00000000c8f00000|  0%| F|  |TAMS 0x00000000c8e00000, 0x00000000c8e00000| Untracked 
| 113|0x00000000c8f00000, 0x00000000c8f00000, 0x00000000c9000000|  0%| F|  |TAMS 0x00000000c8f00000, 0x00000000c8f00000| Untracked 
| 114|0x00000000c9000000, 0x00000000c9000000, 0x00000000c9100000|  0%| F|  |TAMS 0x00000000c9000000, 0x00000000c9000000| Untracked 
| 115|0x00000000c9100000, 0x00000000c9100000, 0x00000000c9200000|  0%| F|  |TAMS 0x00000000c9100000, 0x00000000c9100000| Untracked 
| 116|0x00000000c9200000, 0x00000000c9200000, 0x00000000c9300000|  0%| F|  |TAMS 0x00000000c9200000, 0x00000000c9200000| Untracked 

Card table byte_map: [0x000002118ca00000,0x000002118cc00000] _byte_map_base: 0x000002118c3f1000

Marking Bits (Prev, Next): (CMBitMap*) 0x00000211803c5ae0, (CMBitMap*) 0x00000211803c5aa0
 Prev Bits: [0x000002118dd90000, 0x000002118ed18000)
 Next Bits: [0x000002118ce00000, 0x000002118dd88000)

Polling page: 0x0000021180460000

Metaspace:

Usage:
  Non-class:     58.17 MB used.
      Class:      9.57 MB used.
       Both:     67.73 MB used.

Virtual space:
  Non-class space:       64.00 MB reserved,      58.38 MB ( 91%) committed,  8 nodes.
      Class space:        1.00 GB reserved,       9.75 MB ( <1%) committed,  1 nodes.
             Both:        1.06 GB reserved,      68.12 MB (  6%) committed. 

Chunk freelists:
   Non-Class:  1.39 MB
       Class:  2.25 MB
        Both:  3.65 MB

MaxMetaspaceSize: unlimited
CompressedClassSpaceSize: 1.00 GB
Initial GC threshold: 21.00 MB
Current GC threshold: 113.56 MB
CDS: on
MetaspaceReclaimPolicy: balanced
 - commit_granule_bytes: 65536.
 - commit_granule_words: 8192.
 - virtual_space_node_default_size: 1048576.
 - enlarge_chunks_in_place: 1.
 - new_chunks_are_fully_committed: 0.
 - uncommit_free_chunks: 1.
 - use_allocation_guard: 0.
 - handle_deallocations: 1.


Internal statistics:

num_allocs_failed_limit: 9.
num_arena_births: 594.
num_arena_deaths: 6.
num_vsnodes_births: 9.
num_vsnodes_deaths: 0.
num_space_committed: 1090.
num_space_uncommitted: 0.
num_chunks_returned_to_freelist: 18.
num_chunks_taken_from_freelist: 3081.
num_chunk_merges: 9.
num_chunk_splits: 2215.
num_chunks_enlarged: 1727.
num_purges: 2.
num_inconsistent_stats: 0.

CodeCache: size=49152Kb used=14209Kb max_used=14209Kb free=34942Kb
 bounds [0x0000021189360000, 0x000002118a150000, 0x000002118c360000]
 total_blobs=8225 nmethods=7542 adapters=608
 compilation: enabled
              stopped_count=0, restarted_count=0
 full_count=0

Compilation events (20 events):
Event: 20.495 Thread 0x00000211912b5e00 7533       1       java.lang.ThreadGroup::getMaxPriority (5 bytes)
Event: 20.496 Thread 0x00000211912b5e00 nmethod 7533 0x000002118a139a10 code [0x000002118a139ba0, 0x000002118a139c78]
Event: 20.497 Thread 0x000002119138d710 7535       1       java.io.ObjectInputStream::readClassDescriptor (15 bytes)
Event: 20.497 Thread 0x00000211912b5e00 7534   !   1       java.io.ObjectInputStream::readNonProxyDesc (238 bytes)
Event: 20.498 Thread 0x000002119138d710 nmethod 7535 0x000002118a139d10 code [0x000002118a139ea0, 0x000002118a13a008]
Event: 20.498 Thread 0x000002119138d710 7536   !   1       java.io.ObjectStreamClass::readNonProxy (401 bytes)
Event: 20.500 Thread 0x00000211912b5e00 nmethod 7534 0x000002118a13a090 code [0x000002118a13a3a0, 0x000002118a13b0c8]
Event: 20.500 Thread 0x00000211912b5e00 7537       1       java.io.ObjectInputStream::isCustomSubclass (21 bytes)
Event: 20.501 Thread 0x000002119138d710 nmethod 7536 0x000002118a13ba90 code [0x000002118a13be60, 0x000002118a13d1d8]
Event: 20.501 Thread 0x00000211912b5e00 nmethod 7537 0x000002118a13de10 code [0x000002118a13dfc0, 0x000002118a13e1f8]
Event: 20.501 Thread 0x000002119138d710 7538   !   1       sun.rmi.server.MarshalInputStream::resolveClass (105 bytes)
Event: 20.501 Thread 0x00000211912b5e00 7539       1       sun.rmi.server.MarshalInputStream::readLocation (5 bytes)
Event: 20.501 Thread 0x00000211912b5e00 nmethod 7539 0x000002118a13e410 code [0x000002118a13e5a0, 0x000002118a13e688]
Event: 20.501 Thread 0x00000211912b5e00 7540       1       java.rmi.server.RMIClassLoader::loadClass (10 bytes)
Event: 20.501 Thread 0x00000211912b5e00 nmethod 7540 0x000002118a13e710 code [0x000002118a13e8a0, 0x000002118a13e968]
Event: 20.502 Thread 0x000002119138d710 nmethod 7538 0x000002118a13ea10 code [0x000002118a13ec60, 0x000002118a13f2a8]
Event: 20.502 Thread 0x00000211912b5e00 7541       1       java.rmi.server.UID::hashCode (11 bytes)
Event: 20.503 Thread 0x00000211912b5e00 nmethod 7541 0x000002118a13f890 code [0x000002118a13fa20, 0x000002118a13faf8]
Event: 20.513 Thread 0x00000211912b5e00 7542       1       java.util.ComparableTimSort::mergeAt (356 bytes)
Event: 20.514 Thread 0x00000211912b5e00 nmethod 7542 0x000002118a13fb90 code [0x000002118a13fda0, 0x000002118a140258]

GC Heap History (20 events):
Event: 18.617 GC heap after
{Heap after GC invocations=27 (full 0):
 garbage-first heap   total 79872K, used 34820K [0x00000000c1e00000, 0x0000000100000000)
  region size 1024K, 5 young (5120K), 5 survivors (5120K)
 Metaspace       used 66189K, committed 66624K, reserved 1105920K
  class space    used 9403K, committed 9600K, reserved 1048576K
}
Event: 19.499 GC heap before
{Heap before GC invocations=27 (full 0):
 garbage-first heap   total 79872K, used 65540K [0x00000000c1e00000, 0x0000000100000000)
  region size 1024K, 35 young (35840K), 5 survivors (5120K)
 Metaspace       used 69084K, committed 69504K, reserved 1114112K
  class space    used 9765K, committed 9984K, reserved 1048576K
}
Event: 19.509 GC heap after
{Heap after GC invocations=28 (full 0):
 garbage-first heap   total 79872K, used 36817K [0x00000000c1e00000, 0x0000000100000000)
  region size 1024K, 5 young (5120K), 5 survivors (5120K)
 Metaspace       used 69084K, committed 69504K, reserved 1114112K
  class space    used 9765K, committed 9984K, reserved 1048576K
}
Event: 19.683 GC heap before
{Heap before GC invocations=28 (full 0):
 garbage-first heap   total 79872K, used 65489K [0x00000000c1e00000, 0x0000000100000000)
  region size 1024K, 33 young (33792K), 5 survivors (5120K)
 Metaspace       used 69239K, committed 69632K, reserved 1114112K
  class space    used 9779K, committed 9984K, reserved 1048576K
}
Event: 19.695 GC heap after
{Heap after GC invocations=29 (full 0):
 garbage-first heap   total 79872K, used 42837K [0x00000000c1e00000, 0x0000000100000000)
  region size 1024K, 5 young (5120K), 5 survivors (5120K)
 Metaspace       used 69239K, committed 69632K, reserved 1114112K
  class space    used 9779K, committed 9984K, reserved 1048576K
}
Event: 19.878 GC heap before
{Heap before GC invocations=29 (full 0):
 garbage-first heap   total 79872K, used 58197K [0x00000000c1e00000, 0x0000000100000000)
  region size 1024K, 21 young (21504K), 5 survivors (5120K)
 Metaspace       used 69328K, committed 69760K, reserved 1114112K
  class space    used 9791K, committed 9984K, reserved 1048576K
}
Event: 19.891 GC heap after
{Heap after GC invocations=30 (full 0):
 garbage-first heap   total 79872K, used 48024K [0x00000000c1e00000, 0x0000000100000000)
  region size 1024K, 4 young (4096K), 4 survivors (4096K)
 Metaspace       used 69328K, committed 69760K, reserved 1114112K
  class space    used 9791K, committed 9984K, reserved 1048576K
}
Event: 19.959 GC heap before
{Heap before GC invocations=30 (full 0):
 garbage-first heap   total 79872K, used 62360K [0x00000000c1e00000, 0x0000000100000000)
  region size 1024K, 18 young (18432K), 4 survivors (4096K)
 Metaspace       used 69328K, committed 69760K, reserved 1114112K
  class space    used 9791K, committed 9984K, reserved 1048576K
}
Event: 19.966 GC heap after
{Heap after GC invocations=31 (full 0):
 garbage-first heap   total 113664K, used 51709K [0x00000000c1e00000, 0x0000000100000000)
  region size 1024K, 3 young (3072K), 3 survivors (3072K)
 Metaspace       used 69328K, committed 69760K, reserved 1114112K
  class space    used 9791K, committed 9984K, reserved 1048576K
}
Event: 20.218 GC heap before
{Heap before GC invocations=32 (full 0):
 garbage-first heap   total 119808K, used 84477K [0x00000000c1e00000, 0x0000000100000000)
  region size 1024K, 35 young (35840K), 3 survivors (3072K)
 Metaspace       used 69318K, committed 69760K, reserved 1114112K
  class space    used 9789K, committed 9984K, reserved 1048576K
}
Event: 20.232 GC heap after
{Heap after GC invocations=33 (full 0):
 garbage-first heap   total 119808K, used 62049K [0x00000000c1e00000, 0x0000000100000000)
  region size 1024K, 5 young (5120K), 5 survivors (5120K)
 Metaspace       used 69318K, committed 69760K, reserved 1114112K
  class space    used 9789K, committed 9984K, reserved 1048576K
}
Event: 20.236 GC heap before
{Heap before GC invocations=33 (full 0):
 garbage-first heap   total 119808K, used 63073K [0x00000000c1e00000, 0x0000000100000000)
  region size 1024K, 6 young (6144K), 5 survivors (5120K)
 Metaspace       used 69318K, committed 69760K, reserved 1114112K
  class space    used 9789K, committed 9984K, reserved 1048576K
}
Event: 20.244 GC heap after
{Heap after GC invocations=34 (full 0):
 garbage-first heap   total 119808K, used 63404K [0x00000000c1e00000, 0x0000000100000000)
  region size 1024K, 1 young (1024K), 1 survivors (1024K)
 Metaspace       used 69318K, committed 69760K, reserved 1114112K
  class space    used 9789K, committed 9984K, reserved 1048576K
}
Event: 20.342 GC heap before
{Heap before GC invocations=34 (full 0):
 garbage-first heap   total 119808K, used 89004K [0x00000000c1e00000, 0x0000000100000000)
  region size 1024K, 27 young (27648K), 1 survivors (1024K)
 Metaspace       used 69318K, committed 69760K, reserved 1114112K
  class space    used 9789K, committed 9984K, reserved 1048576K
}
Event: 20.349 GC heap after
{Heap after GC invocations=35 (full 0):
 garbage-first heap   total 119808K, used 69442K [0x00000000c1e00000, 0x0000000100000000)
  region size 1024K, 4 young (4096K), 4 survivors (4096K)
 Metaspace       used 69318K, committed 69760K, reserved 1114112K
  class space    used 9789K, committed 9984K, reserved 1048576K
}
Event: 20.542 GC heap before
{Heap before GC invocations=36 (full 0):
 garbage-first heap   total 119808K, used 84802K [0x00000000c1e00000, 0x0000000100000000)
  region size 1024K, 26 young (26624K), 4 survivors (4096K)
 Metaspace       used 69359K, committed 69760K, reserved 1114112K
  class space    used 9796K, committed 9984K, reserved 1048576K
}
Event: 20.553 GC heap after
{Heap after GC invocations=37 (full 0):
 garbage-first heap   total 119808K, used 68762K [0x00000000c1e00000, 0x0000000100000000)
  region size 1024K, 4 young (4096K), 4 survivors (4096K)
 Metaspace       used 69359K, committed 69760K, reserved 1114112K
  class space    used 9796K, committed 9984K, reserved 1048576K
}
Event: 20.555 GC heap before
{Heap before GC invocations=37 (full 0):
 garbage-first heap   total 119808K, used 69786K [0x00000000c1e00000, 0x0000000100000000)
  region size 1024K, 5 young (5120K), 4 survivors (4096K)
 Metaspace       used 69359K, committed 69760K, reserved 1114112K
  class space    used 9796K, committed 9984K, reserved 1048576K
}
Event: 20.562 GC heap after
{Heap after GC invocations=38 (full 0):
 garbage-first heap   total 119808K, used 58847K [0x00000000c1e00000, 0x0000000100000000)
  region size 1024K, 1 young (1024K), 1 survivors (1024K)
 Metaspace       used 69359K, committed 69760K, reserved 1114112K
  class space    used 9796K, committed 9984K, reserved 1048576K
}
Event: 20.570 GC heap before
{Heap before GC invocations=38 (full 0):
 garbage-first heap   total 119808K, used 62943K [0x00000000c1e00000, 0x0000000100000000)
  region size 1024K, 5 young (5120K), 1 survivors (1024K)
 Metaspace       used 69359K, committed 69760K, reserved 1114112K
  class space    used 9796K, committed 9984K, reserved 1048576K
}

Deoptimization events (20 events):
Event: 0.472 Thread 0x0000021180397ba0 DEOPT PACKING pc=0x0000021189555905 sp=0x000000865fffe380
Event: 0.472 Thread 0x0000021180397ba0 DEOPT UNPACKING pc=0x00000211893b2b43 sp=0x000000865fffd8e0 mode 3
Event: 2.611 Thread 0x0000021180397ba0 DEOPT PACKING pc=0x00000211895b5675 sp=0x000000865fffda40
Event: 2.611 Thread 0x0000021180397ba0 DEOPT UNPACKING pc=0x00000211893b2b43 sp=0x000000865fffce98 mode 3
Event: 4.572 Thread 0x00000211926da890 DEOPT PACKING pc=0x0000021189819d19 sp=0x0000008661bfc5f0
Event: 4.572 Thread 0x00000211926da890 DEOPT UNPACKING pc=0x00000211893b2b43 sp=0x0000008661bfbad0 mode 3
Event: 9.440 Thread 0x00000211926da890 DEOPT PACKING pc=0x000002118983bc24 sp=0x0000008661bfcac0
Event: 9.440 Thread 0x00000211926da890 DEOPT UNPACKING pc=0x00000211893b2b43 sp=0x0000008661bfc018 mode 0
Event: 10.730 Thread 0x00000211926da890 DEOPT PACKING pc=0x0000021189aa7075 sp=0x0000008661bfd270
Event: 10.730 Thread 0x00000211926da890 DEOPT UNPACKING pc=0x00000211893b2b43 sp=0x0000008661bfc6e0 mode 3
Event: 16.755 Thread 0x00000211926da890 DEOPT PACKING pc=0x0000021189eba099 sp=0x0000008661bfae00
Event: 16.755 Thread 0x00000211926da890 DEOPT UNPACKING pc=0x00000211893b2b43 sp=0x0000008661bfa2e0 mode 3
Event: 16.785 Thread 0x00000211926da890 DEOPT PACKING pc=0x000002118980982a sp=0x0000008661bfbe70
Event: 16.785 Thread 0x00000211926da890 DEOPT UNPACKING pc=0x00000211893b2b43 sp=0x0000008661bfb378 mode 3
Event: 16.826 Thread 0x00000211926da890 DEOPT PACKING pc=0x0000021189bb659d sp=0x0000008661bfba20
Event: 16.826 Thread 0x00000211926da890 DEOPT UNPACKING pc=0x00000211893b2b43 sp=0x0000008661bfaf88 mode 3
Event: 18.718 Thread 0x00000211926da890 DEOPT PACKING pc=0x0000021189f2764c sp=0x0000008661bf8c00
Event: 18.718 Thread 0x00000211926da890 DEOPT UNPACKING pc=0x00000211893b2b43 sp=0x0000008661bf8190 mode 0
Event: 19.424 Thread 0x00000211926da890 DEOPT PACKING pc=0x000002118a047efb sp=0x0000008661bf9ef0
Event: 19.424 Thread 0x00000211926da890 DEOPT UNPACKING pc=0x00000211893b2b43 sp=0x0000008661bf9438 mode 3

Classes unloaded (3 events):
Event: 20.061 Thread 0x00000211804436e0 Unloading class 0x00000008014b0000 'jdk/internal/reflect/GeneratedSerializationConstructorAccessor20'
Event: 20.061 Thread 0x00000211804436e0 Unloading class 0x00000008014a9800 'jdk/internal/reflect/GeneratedSerializationConstructorAccessor19'
Event: 20.061 Thread 0x00000211804436e0 Unloading class 0x0000000801458000 'jdk/internal/reflect/GeneratedSerializationConstructorAccessor18'

Classes redefined (0 events):
No events

Internal exceptions (20 events):
Event: 20.482 Thread 0x000002119651ea10 Exception <a 'sun/nio/fs/WindowsException'{0x00000000c8b407d0}> (0x00000000c8b407d0) 
thrown [t:\workspace\open\src\hotspot\share\prims\jni.cpp, line 516]
Event: 20.483 Thread 0x000002119651ea10 Exception <a 'sun/nio/fs/WindowsException'{0x00000000c8b40b00}> (0x00000000c8b40b00) 
thrown [t:\workspace\open\src\hotspot\share\prims\jni.cpp, line 516]
Event: 20.483 Thread 0x000002119651ea10 Exception <a 'sun/nio/fs/WindowsException'{0x00000000c8b414a8}> (0x00000000c8b414a8) 
thrown [t:\workspace\open\src\hotspot\share\prims\jni.cpp, line 516]
Event: 20.483 Thread 0x000002119651ea10 Exception <a 'sun/nio/fs/WindowsException'{0x00000000c8b41818}> (0x00000000c8b41818) 
thrown [t:\workspace\open\src\hotspot\share\prims\jni.cpp, line 516]
Event: 20.483 Thread 0x000002119651ea10 Exception <a 'sun/nio/fs/WindowsException'{0x00000000c8b42198}> (0x00000000c8b42198) 
thrown [t:\workspace\open\src\hotspot\share\prims\jni.cpp, line 516]
Event: 20.483 Thread 0x000002119651ea10 Exception <a 'sun/nio/fs/WindowsException'{0x00000000c8b424d8}> (0x00000000c8b424d8) 
thrown [t:\workspace\open\src\hotspot\share\prims\jni.cpp, line 516]
Event: 20.483 Thread 0x000002119651ea10 Exception <a 'sun/nio/fs/WindowsException'{0x00000000c8b42e30}> (0x00000000c8b42e30) 
thrown [t:\workspace\open\src\hotspot\share\prims\jni.cpp, line 516]
Event: 20.483 Thread 0x000002119651ea10 Exception <a 'sun/nio/fs/WindowsException'{0x00000000c8b43130}> (0x00000000c8b43130) 
thrown [t:\workspace\open\src\hotspot\share\prims\jni.cpp, line 516]
Event: 20.483 Thread 0x000002119651ea10 Exception <a 'sun/nio/fs/WindowsException'{0x00000000c8b43a98}> (0x00000000c8b43a98) 
thrown [t:\workspace\open\src\hotspot\share\prims\jni.cpp, line 516]
Event: 20.483 Thread 0x000002119651ea10 Exception <a 'sun/nio/fs/WindowsException'{0x00000000c8b43db8}> (0x00000000c8b43db8) 
thrown [t:\workspace\open\src\hotspot\share\prims\jni.cpp, line 516]
Event: 20.483 Thread 0x000002119651ea10 Exception <a 'sun/nio/fs/WindowsException'{0x00000000c8b44710}> (0x00000000c8b44710) 
thrown [t:\workspace\open\src\hotspot\share\prims\jni.cpp, line 516]
Event: 20.483 Thread 0x000002119651ea10 Exception <a 'sun/nio/fs/WindowsException'{0x00000000c8b44a20}> (0x00000000c8b44a20) 
thrown [t:\workspace\open\src\hotspot\share\prims\jni.cpp, line 516]
Event: 20.483 Thread 0x000002119651ea10 Exception <a 'sun/nio/fs/WindowsException'{0x00000000c8b45388}> (0x00000000c8b45388) 
thrown [t:\workspace\open\src\hotspot\share\prims\jni.cpp, line 516]
Event: 20.483 Thread 0x000002119651ea10 Exception <a 'sun/nio/fs/WindowsException'{0x00000000c8b456a8}> (0x00000000c8b456a8) 
thrown [t:\workspace\open\src\hotspot\share\prims\jni.cpp, line 516]
Event: 20.484 Thread 0x000002119651ea10 Exception <a 'sun/nio/fs/WindowsException'{0x00000000c8b46028}> (0x00000000c8b46028) 
thrown [t:\workspace\open\src\hotspot\share\prims\jni.cpp, line 516]
Event: 20.484 Thread 0x000002119651ea10 Exception <a 'sun/nio/fs/WindowsException'{0x00000000c8b46368}> (0x00000000c8b46368) 
thrown [t:\workspace\open\src\hotspot\share\prims\jni.cpp, line 516]
Event: 20.484 Thread 0x000002119651ea10 Exception <a 'sun/nio/fs/WindowsException'{0x00000000c8b46d00}> (0x00000000c8b46d00) 
thrown [t:\workspace\open\src\hotspot\share\prims\jni.cpp, line 516]
Event: 20.484 Thread 0x000002119651ea10 Exception <a 'sun/nio/fs/WindowsException'{0x00000000c8b47058}> (0x00000000c8b47058) 
thrown [t:\workspace\open\src\hotspot\share\prims\jni.cpp, line 516]
Event: 20.484 Thread 0x000002119651ea10 Exception <a 'sun/nio/fs/WindowsException'{0x00000000c8b479e8}> (0x00000000c8b479e8) 
thrown [t:\workspace\open\src\hotspot\share\prims\jni.cpp, line 516]
Event: 20.484 Thread 0x000002119651ea10 Exception <a 'sun/nio/fs/WindowsException'{0x00000000c8b47d38}> (0x00000000c8b47d38) 
thrown [t:\workspace\open\src\hotspot\share\prims\jni.cpp, line 516]

VM Operations (20 events):
Event: 20.531 Executing VM operation: ICBufferFull done
Event: 20.532 Executing VM operation: ICBufferFull
Event: 20.533 Executing VM operation: ICBufferFull done
Event: 20.535 Executing VM operation: ICBufferFull
Event: 20.535 Executing VM operation: ICBufferFull done
Event: 20.537 Executing VM operation: ICBufferFull
Event: 20.539 Executing VM operation: ICBufferFull done
Event: 20.539 Executing VM operation: ICBufferFull
Event: 20.540 Executing VM operation: ICBufferFull done
Event: 20.542 Executing VM operation: ICBufferFull
Event: 20.542 Executing VM operation: ICBufferFull done
Event: 20.542 Executing VM operation: G1CollectForAllocation
Event: 20.554 Executing VM operation: G1CollectForAllocation done
Event: 20.555 Executing VM operation: G1CollectForAllocation
Event: 20.563 Executing VM operation: G1CollectForAllocation done
Event: 20.564 Executing VM operation: ICBufferFull
Event: 20.564 Executing VM operation: ICBufferFull done
Event: 20.566 Executing VM operation: ICBufferFull
Event: 20.567 Executing VM operation: ICBufferFull done
Event: 20.570 Executing VM operation: G1CollectForAllocation

Events (20 events):
Event: 20.367 Thread 0x000002119651eee0 Thread added: 0x000002119651eee0
Event: 20.367 Thread 0x00000211965228a0 Thread added: 0x00000211965228a0
Event: 20.372 Thread 0x00000211965253f0 Thread exited: 0x00000211965253f0
Event: 20.372 Thread 0x0000021196521a30 Thread exited: 0x0000021196521a30
Event: 20.372 Thread 0x0000021196521f00 Thread exited: 0x0000021196521f00
Event: 20.372 Thread 0x0000021196523be0 Thread exited: 0x0000021196523be0
Event: 20.372 Thread 0x0000021196521560 Thread exited: 0x0000021196521560
Event: 20.372 Thread 0x00000211965228a0 Thread exited: 0x00000211965228a0
Event: 20.372 Thread 0x00000211965223d0 Thread exited: 0x00000211965223d0
Event: 20.372 Thread 0x000002119651eee0 Thread exited: 0x000002119651eee0
Event: 20.477 Thread 0x000002119651e540 Thread added: 0x000002119651e540
Event: 20.478 Thread 0x000002119651ea10 Thread added: 0x000002119651ea10
Event: 20.478 Thread 0x0000021196521a30 Thread added: 0x0000021196521a30
Event: 20.478 Thread 0x000002119651eee0 Thread added: 0x000002119651eee0
Event: 20.478 Thread 0x00000211965206f0 Thread added: 0x00000211965206f0
Event: 20.478 Thread 0x0000021196523710 Thread added: 0x0000021196523710
Event: 20.478 Thread 0x000002119651f3b0 Thread added: 0x000002119651f3b0
Event: 20.479 Thread 0x000002119651f880 Thread added: 0x000002119651f880
Event: 20.496 Thread 0x0000021196520bc0 Thread added: 0x0000021196520bc0
Event: 20.506 Thread 0x0000021196520bc0 Thread exited: 0x0000021196520bc0


Dynamic libraries:
0x00007ff605640000 - 0x00007ff605650000 	D:\Java\jdk-17.0.1\bin\java.exe
0x00007ff83f1b0000 - 0x00007ff83f3a8000 	C:\WINDOWS\SYSTEM32\ntdll.dll
0x00007ff83d730000 - 0x00007ff83d7f2000 	C:\WINDOWS\System32\KERNEL32.DLL
0x00007ff83c840000 - 0x00007ff83cb36000 	C:\WINDOWS\System32\KERNELBASE.dll
0x00007ff83cd20000 - 0x00007ff83ce20000 	C:\WINDOWS\System32\ucrtbase.dll
0x00007ff82f4d0000 - 0x00007ff82f4e8000 	D:\Java\jdk-17.0.1\bin\jli.dll
0x00007ff835980000 - 0x00007ff83599a000 	D:\Java\jdk-17.0.1\bin\VCRUNTIME140.dll
0x00007ff83d1d0000 - 0x00007ff83d27f000 	C:\WINDOWS\System32\ADVAPI32.dll
0x00007ff83d690000 - 0x00007ff83d72e000 	C:\WINDOWS\System32\msvcrt.dll
0x00007ff83d280000 - 0x00007ff83d31f000 	C:\WINDOWS\System32\sechost.dll
0x00007ff83df80000 - 0x00007ff83e0a3000 	C:\WINDOWS\System32\RPCRT4.dll
0x00007ff83cf40000 - 0x00007ff83cf67000 	C:\WINDOWS\System32\bcrypt.dll
0x00007ff83efd0000 - 0x00007ff83f16d000 	C:\WINDOWS\System32\USER32.dll
0x00007ff83ccf0000 - 0x00007ff83cd12000 	C:\WINDOWS\System32\win32u.dll
0x00007ff83dc80000 - 0x00007ff83dcab000 	C:\WINDOWS\System32\GDI32.dll
0x00007ff83ce20000 - 0x00007ff83cf3a000 	C:\WINDOWS\System32\gdi32full.dll
0x00007ff83cc50000 - 0x00007ff83cced000 	C:\WINDOWS\System32\msvcp_win.dll
0x00007ff82a720000 - 0x00007ff82a9ba000 	C:\WINDOWS\WinSxS\amd64_microsoft.windows.common-controls_6595b64144ccf1df_6.0.19041.4355_none_60b8b9eb71f62e16\COMCTL32.dll
0x00007ff833880000 - 0x00007ff83388a000 	C:\WINDOWS\SYSTEM32\VERSION.dll
0x00007ff83d480000 - 0x00007ff83d4af000 	C:\WINDOWS\System32\IMM32.DLL
0x00007ff833f40000 - 0x00007ff833f4c000 	D:\Java\jdk-17.0.1\bin\vcruntime140_1.dll
0x00007ff81a5c0000 - 0x00007ff81a64d000 	D:\Java\jdk-17.0.1\bin\msvcp140.dll
0x00007fffedcf0000 - 0x00007fffee8ae000 	D:\Java\jdk-17.0.1\bin\server\jvm.dll
0x00007ff83d510000 - 0x00007ff83d518000 	C:\WINDOWS\System32\PSAPI.DLL
0x00007ff82b050000 - 0x00007ff82b059000 	C:\WINDOWS\SYSTEM32\WSOCK32.dll
0x00007ff82b470000 - 0x00007ff82b497000 	C:\WINDOWS\SYSTEM32\WINMM.dll
0x00007ff83d530000 - 0x00007ff83d59b000 	C:\WINDOWS\System32\WS2_32.dll
0x00007ff83b020000 - 0x00007ff83b032000 	C:\WINDOWS\SYSTEM32\kernel.appcore.dll
0x00007ff832370000 - 0x00007ff83237a000 	D:\Java\jdk-17.0.1\bin\jimage.dll
0x00007ff839ec0000 - 0x00007ff83a0a4000 	C:\WINDOWS\SYSTEM32\DBGHELP.DLL
0x00007ff825fd0000 - 0x00007ff826004000 	C:\WINDOWS\SYSTEM32\dbgcore.DLL
0x00007ff83cb40000 - 0x00007ff83cbc2000 	C:\WINDOWS\System32\bcryptPrimitives.dll
0x00007ff8321b0000 - 0x00007ff8321be000 	D:\Java\jdk-17.0.1\bin\instrument.dll
0x00007ff82c430000 - 0x00007ff82c455000 	D:\Java\jdk-17.0.1\bin\java.dll
0x00007ff812ac0000 - 0x00007ff812b96000 	D:\Java\jdk-17.0.1\bin\svml.dll
0x00007ff83e1e0000 - 0x00007ff83e94f000 	C:\WINDOWS\System32\SHELL32.dll
0x00007ff83a790000 - 0x00007ff83af33000 	C:\WINDOWS\SYSTEM32\windows.storage.dll
0x00007ff83eab0000 - 0x00007ff83ee05000 	C:\WINDOWS\System32\combase.dll
0x00007ff83c190000 - 0x00007ff83c1bb000 	C:\WINDOWS\SYSTEM32\Wldp.dll
0x00007ff83ef00000 - 0x00007ff83efcd000 	C:\WINDOWS\System32\OLEAUT32.dll
0x00007ff83ea00000 - 0x00007ff83eaad000 	C:\WINDOWS\System32\SHCORE.dll
0x00007ff83d4b0000 - 0x00007ff83d505000 	C:\WINDOWS\System32\shlwapi.dll
0x00007ff83c770000 - 0x00007ff83c795000 	C:\WINDOWS\SYSTEM32\profapi.dll
0x00007ff829a60000 - 0x00007ff829a78000 	D:\Java\jdk-17.0.1\bin\zip.dll
0x00007ff82f4b0000 - 0x00007ff82f4c9000 	D:\Java\jdk-17.0.1\bin\net.dll
0x00007ff8334c0000 - 0x00007ff8335ca000 	C:\WINDOWS\SYSTEM32\WINHTTP.dll
0x00007ff83bf70000 - 0x00007ff83bfdc000 	C:\WINDOWS\system32\mswsock.dll
0x00007ff829bd0000 - 0x00007ff829be5000 	D:\Java\jdk-17.0.1\bin\nio.dll
0x00007ff8299b0000 - 0x00007ff8299ca000 	D:\file setup\IntelliJ IDEA 2024.1\bin\breakgen64.dll
0x00007ff83bc70000 - 0x00007ff83bd3a000 	C:\WINDOWS\SYSTEM32\DNSAPI.dll
0x00007ff83bc20000 - 0x00007ff83bc5b000 	C:\WINDOWS\SYSTEM32\IPHLPAPI.DLL
0x00007ff83d520000 - 0x00007ff83d528000 	C:\WINDOWS\System32\NSI.dll
0x00007ff82fdb0000 - 0x00007ff82fdba000 	C:\Windows\System32\rasadhlp.dll
0x00007ff833210000 - 0x00007ff833290000 	C:\WINDOWS\System32\fwpuclnt.dll
0x00007ff830d70000 - 0x00007ff830d79000 	D:\Java\jdk-17.0.1\bin\management.dll
0x00007ff82b650000 - 0x00007ff82b65b000 	D:\Java\jdk-17.0.1\bin\management_ext.dll
0x00007ff83c4e0000 - 0x00007ff83c4f8000 	C:\WINDOWS\SYSTEM32\CRYPTSP.dll
0x00007ff83b840000 - 0x00007ff83b878000 	C:\WINDOWS\system32\rsaenh.dll
0x00007ff83c730000 - 0x00007ff83c75e000 	C:\WINDOWS\SYSTEM32\USERENV.dll
0x00007ff83c100000 - 0x00007ff83c10c000 	C:\WINDOWS\SYSTEM32\CRYPTBASE.dll
0x00007ff8349b0000 - 0x00007ff8349c7000 	C:\WINDOWS\SYSTEM32\dhcpcsvc6.DLL
0x00007ff834990000 - 0x00007ff8349ad000 	C:\WINDOWS\SYSTEM32\dhcpcsvc.DLL
0x00007ff8239f0000 - 0x00007ff823a07000 	C:\WINDOWS\system32\napinsp.dll
0x00007ff8239d0000 - 0x00007ff8239eb000 	C:\WINDOWS\system32\pnrpnsp.dll
0x00007ff835ec0000 - 0x00007ff835edd000 	C:\WINDOWS\system32\NLAapi.dll
0x00007ff8239b0000 - 0x00007ff8239c2000 	C:\WINDOWS\System32\winrnr.dll
0x00007ff838bf0000 - 0x00007ff838c05000 	C:\WINDOWS\system32\wshbth.dll
0x00007ff82b4a0000 - 0x00007ff82b4b0000 	D:\Java\jdk-17.0.1\bin\verify.dll
0x00007ff829bc0000 - 0x00007ff829bce000 	D:\Java\jdk-17.0.1\bin\sunmscapi.dll
0x00007ff83cfc0000 - 0x00007ff83d11d000 	C:\WINDOWS\System32\CRYPT32.dll
0x00007ff83c200000 - 0x00007ff83c227000 	C:\WINDOWS\SYSTEM32\ncrypt.dll
0x00007ff83c1c0000 - 0x00007ff83c1fb000 	C:\WINDOWS\SYSTEM32\NTASN1.dll

dbghelp: loaded successfully - version: 4.0.5 - missing functions: none
symbol engine: initialized successfully - sym options: 0x614 - pdb path: .;D:\Java\jdk-17.0.1\bin;C:\WINDOWS\SYSTEM32;C:\WINDOWS\WinSxS\amd64_microsoft.windows.common-controls_6595b64144ccf1df_6.0.19041.4355_none_60b8b9eb71f62e16;D:\Java\jdk-17.0.1\bin\server;D:\file setup\IntelliJ IDEA 2024.1\bin

VM Arguments:
jvm_args: -XX:TieredStopAtLevel=1 -Dspring.output.ansi.enabled=always -Dcom.sun.management.jmxremote -Dspring.jmx.enabled=true -Dspring.liveBeansView.mbeanDomain -Dspring.application.admin.enabled=true -Dmanagement.endpoints.jmx.exposure.include=* -javaagent:D:\file setup\IntelliJ IDEA 2024.1\lib\idea_rt.jar=64206:D:\file setup\IntelliJ IDEA 2024.1\bin -Dfile.encoding=UTF-8 
java_command: com.example.ogani.OganiApplication
java_class_path (initial): D:\JP302_Huy\ogani-main\BackEnd\DATN_backend\market_backend\target\classes;C:\Users\HUY\.m2\repository\org\springframework\boot\spring-boot-starter-data-jpa\2.7.8\spring-boot-starter-data-jpa-2.7.8.jar;C:\Users\HUY\.m2\repository\org\springframework\boot\spring-boot-starter-aop\2.7.8\spring-boot-starter-aop-2.7.8.jar;C:\Users\HUY\.m2\repository\org\aspectj\aspectjweaver\1.9.7\aspectjweaver-1.9.7.jar;C:\Users\HUY\.m2\repository\org\springframework\boot\spring-boot-starter-jdbc\2.7.8\spring-boot-starter-jdbc-2.7.8.jar;C:\Users\HUY\.m2\repository\com\zaxxer\HikariCP\4.0.3\HikariCP-4.0.3.jar;C:\Users\HUY\.m2\repository\org\springframework\spring-jdbc\5.3.25\spring-jdbc-5.3.25.jar;C:\Users\HUY\.m2\repository\jakarta\transaction\jakarta.transaction-api\1.3.3\jakarta.transaction-api-1.3.3.jar;C:\Users\HUY\.m2\repository\jakarta\persistence\jakarta.persistence-api\2.2.3\jakarta.persistence-api-2.2.3.jar;C:\Users\HUY\.m2\repository\org\hibernate\hibernate-core\5.6.14.Final\hibernate-core-5.6.14.Final.jar;C:\Users\HUY\.m2\repository\org\jboss\logging\jboss-logging\3.4.3.Final\jboss-logging-3.4.3.Final.jar;C:\Users\HUY\.m2\repository\net\bytebuddy\byte-buddy\1.12.22\byte-buddy-1.12.22.jar;C:\Users\HUY\.m2\repository\antlr\antlr\2.7.7\antlr-2.7.7.jar;C:\Users\HUY\.m2\repository\org\jboss\jandex\2.4.2.Final\jandex-2.4.2.Final.jar;C:\Users\HUY\.m2\repository\com\fasterxml\classmate\1.5.1\classmate-1.5.1.jar;C:\Users\HUY\.m2\repository\org\hibernate\common\hibernate-commons-annotations\5.1.2.Final\hibernate-commons-annotations-5.1.2.Final.jar;C:\Users\HUY\.m2\repository\org\glassfish\jaxb\jaxb-runtime\2.3.7\jaxb-runtime-2.3.7.jar;C:\Users\HUY\.m2\repository\org\glassfish\jaxb\txw2\2.3.7\txw2-2.3.7.jar;C:\Users\HUY\.m2\repository\com\sun\istack\istack-commons-runtime\3.0.12\istack-commons-runtime-3.0.12.jar;C:\Users\HUY\.m2\repository\com\sun\activation\jakarta.activation\1.2.2\jakarta.activation-1.2.2.jar;C:\Users\HUY\.m2\repository\org\springframework
Launcher Type: SUN_STANDARD

[Global flags]
     intx CICompilerCount                          = 3                                         {product} {ergonomic}
     uint ConcGCThreads                            = 1                                         {product} {ergonomic}
     uint G1ConcRefinementThreads                  = 4                                         {product} {ergonomic}
   size_t G1HeapRegionSize                         = 1048576                                   {product} {ergonomic}
    uintx GCDrainStackTargetSize                   = 64                                        {product} {ergonomic}
   size_t InitialHeapSize                          = 67108864                                  {product} {ergonomic}
     bool ManagementServer                         = true                                      {product} {command line}
   size_t MarkStackSize                            = 4194304                                   {product} {ergonomic}
   size_t MaxHeapSize                              = 1042284544                                {product} {ergonomic}
   size_t MaxNewSize                               = 624951296                                 {product} {ergonomic}
   size_t MinHeapDeltaBytes                        = 1048576                                   {product} {ergonomic}
   size_t MinHeapSize                              = 8388608                                   {product} {ergonomic}
    uintx NonProfiledCodeHeapSize                  = 0                                      {pd product} {ergonomic}
     bool ProfileInterpreter                       = false                                  {pd product} {command line}
    uintx ProfiledCodeHeapSize                     = 0                                      {pd product} {ergonomic}
   size_t SoftMaxHeapSize                          = 1042284544                             {manageable} {ergonomic}
     intx TieredStopAtLevel                        = 1                                         {product} {command line}
     bool UseCompressedClassPointers               = true                           {product lp64_product} {ergonomic}
     bool UseCompressedOops                        = true                           {product lp64_product} {ergonomic}
     bool UseG1GC                                  = true                                      {product} {ergonomic}
     bool UseLargePagesIndividualAllocation        = false                                  {pd product} {ergonomic}

Logging:
Log output configuration:
 #0: stdout all=warning uptime,level,tags
 #1: stderr all=off uptime,level,tags

Environment Variables:
PATH=D:\Git\cmd;D:\download\;C:\Program Files (x86)\Rational\common;C:\Program Files\MySQL\MySQL Shell 8.0\bin\;C:\Users\HUY\AppData\Local\Programs\Python\Launcher\;D:\Java\IntelliJ IDEA Community Edition 2024.1.4\bin;;C:\Users\HUY\AppData\Local\Programs\Microsoft VS Code\bin;C:\Users\HUY\AppData\Roaming\Python\Python312\Scripts;D:\gettext0.23-iconv1.17-static-64\bin;C:\WINDOWS\System32;D:\TOVANHUY\Microsoft Visual Studio\2022\Community\MSBuild\Microsoft\VisualStudio\NodeJs;C:\Users\HUY\AppData\Roaming\npm;D:\file setup\cursor\resources\app\bin
USERNAME=HUY
OS=Windows_NT
PROCESSOR_IDENTIFIER=Intel64 Family 6 Model 61 Stepping 4, GenuineIntel



---------------  S Y S T E M  ---------------

OS:
 Windows 10 , 64 bit Build 19041 (10.0.19041.5678)
OS uptime: 0 days 16:08 hours
Hyper-V role detected

CPU: total 4 (initial active 4) (2 cores per cpu, 2 threads per core) family 6 model 61 stepping 4 microcode 0x2d, cx8, cmov, fxsr, ht, mmx, 3dnowpref, sse, sse2, sse3, ssse3, sse4.1, sse4.2, popcnt, lzcnt, tsc, tscinvbit, avx, avx2, aes, erms, clmul, bmi1, bmi2, rtm, adx, fma, vzeroupper, clflush, hv

Memory: 4k page, system-wide physical 3968M (244M free)
TotalPageFile size 12160M (AvailPageFile size 10M)
current process WorkingSet (physical memory assigned to process): 277M, peak: 277M
current process commit charge ("private bytes"): 313M, peak: 547M

vm_info: Java HotSpot(TM) 64-Bit Server VM (17.0.1+12-LTS-39) for windows-amd64 JRE (17.0.1+12-LTS-39), built on Sep 27 2021 18:41:35 by "mach5one" with MS VC++ 16.8 (VS2019)

END.
